<?xml version="1.0" encoding="UTF-8"?>
<!-- Generated by org.testng.reporters.JUnitXMLReporter -->
<testsuite hostname="DESKTOP-00S2SDK" ignored="4" name="Test" tests="2" failures="0" timestamp="2020-08-29T01:28:43 IST" time="171.872" errors="0">
  <testcase name="loginRewardUser" time="95.118" classname="growfitter.Login"/>
  <testcase name="loginRewardUser" time="71.6" classname="growfitter.Login"/>
  <testcase name="puserLogin" time="0.0" classname="growfitter.Login">
    <ignored/>
  </testcase> <!-- puserLogin -->
  <testcase name="loginInvalid" time="0.0" classname="growfitter.Login">
    <ignored/>
  </testcase> <!-- loginInvalid -->
  <testcase name="loginInvalPin" time="0.0" classname="growfitter.Login">
    <ignored/>
  </testcase> <!-- loginInvalPin -->
  <testcase name="loginLive" time="0.0" classname="growfitter.Login">
    <ignored/>
  </testcase> <!-- loginLive -->
</testsuite> <!-- Test -->
