<?xml version="1.0" encoding="UTF-8"?>
<!-- Generated by org.testng.reporters.JUnitXMLReporter -->
<testsuite hostname="DESKTOP-00S2SDK" ignored="4" name="Test" tests="2" failures="0" timestamp="2020-08-22T01:38:22 IST" time="156.122" errors="0">
  <testcase name="loginRewardUser" time="78.77" classname="growfitter.fitkit.Login"/>
  <testcase name="loginRewardUser" time="72.2" classname="growfitter.fitkit.Login"/>
  <testcase name="loginLive" time="0.0" classname="growfitter.fitkit.Login">
    <ignored/>
  </testcase> <!-- loginLive -->
  <testcase name="loginInvalPin" time="0.0" classname="growfitter.fitkit.Login">
    <ignored/>
  </testcase> <!-- loginInvalPin -->
  <testcase name="puserLogin" time="0.0" classname="growfitter.fitkit.Login">
    <ignored/>
  </testcase> <!-- puserLogin -->
  <testcase name="loginInvalid" time="0.0" classname="growfitter.fitkit.Login">
    <ignored/>
  </testcase> <!-- loginInvalid -->
</testsuite> <!-- Test -->
